<?xml version="1.0" encoding="UTF-8"?>
<!-- Generated by org.testng.reporters.JUnitXMLReporter -->
<testsuite hostname="DESKTOP-B7NMNCH" ignored="0" name="APTENCE Test Cases" tests="10" failures="1" timestamp="2020-04-26T17:19:19 IST" time="120.256" errors="0">
  <testcase name="loginPageTitleTest" time="0.106" classname="com.aptence.qa.testcases.LoginPageTest"/>
  <testcase name="loginTest" time="0.487" classname="com.aptence.qa.testcases.LoginPageTest"/>
  <testcase name="verifyHomePageOpened" time="1.462" classname="com.aptence.qa.testcases.HomePageTest"/>
  <testcase name="verifyHomePageTitleTest" time="0.007" classname="com.aptence.qa.testcases.HomePageTest"/>
  <testcase name="verifyProfileName" time="1.458" classname="com.aptence.qa.testcases.HomePageTest"/>
  <testcase name="verifyContactUsLink" time="1.963" classname="com.aptence.qa.testcases.HomePageTest"/>
  <testcase name="verifyProfilePageLink" time="1.517" classname="com.aptence.qa.testcases.HomePageTest"/>
  <testcase name="verifyUploadImageTest" time="2.966" classname="com.aptence.qa.testcases.ProfilePageTest"/>
  <testcase name="contactUsPageHeading" time="0.225" classname="com.aptence.qa.testcases.ContactUsPageTest"/>
  <testcase name="sendMessage" time="0.373" classname="com.aptence.qa.testcases.ContactUsPageTest">
    <failure type="java.lang.NullPointerException">
      <![CDATA[java.lang.NullPointerException
at com.aptence.qa.pages.ContactUsPage.enterMessage(ContactUsPage.java:28)
at com.aptence.qa.testcases.ContactUsPageTest.sendMessage(ContactUsPageTest.java:37)
at java.util.ArrayList.forEach(Unknown Source)
... Removed 27 stack frames]]>
    </failure>
  </testcase> <!-- sendMessage -->
</testsuite> <!-- APTENCE Test Cases -->
