<?xml version="1.0" encoding="UTF-8"?>
<testng-results skipped="0" failed="0" ignored="0" total="1" passed="1">
  <reporter-output>
  </reporter-output>
  <suite name="Default suite" duration-ms="14201" started-at="2020-05-03T17:04:27 IST" finished-at="2020-05-03T17:04:42 IST">
    <groups>
    </groups>
    <test name="Default test" duration-ms="14201" started-at="2020-05-03T17:04:27 IST" finished-at="2020-05-03T17:04:42 IST">
      <class name="com.aptence.qa.testcases.LeaderboardPageTest">
        <test-method status="PASS" signature="setUp()[pri:0, instance:com.aptence.qa.testcases.LeaderboardPageTest@5f282abb]" name="setUp" is-config="true" duration-ms="13031" started-at="2020-05-03T17:04:27 IST" finished-at="2020-05-03T17:04:40 IST">
          <reporter-output>
          </reporter-output>
        </test-method> <!-- setUp -->
        <test-method status="PASS" signature="verifyWeeklyTopperTest()[pri:0, instance:com.aptence.qa.testcases.LeaderboardPageTest@5f282abb]" name="verifyWeeklyTopperTest" duration-ms="1124" started-at="2020-05-03T17:04:40 IST" finished-at="2020-05-03T17:04:42 IST">
          <reporter-output>
          </reporter-output>
        </test-method> <!-- verifyWeeklyTopperTest -->
      </class> <!-- com.aptence.qa.testcases.LeaderboardPageTest -->
    </test> <!-- Default test -->
  </suite> <!-- Default suite -->
</testng-results>
